{"name": "test_register_success02", "status": "failed", "statusDetails": {"message": "AssertionError: assert None == '注册成功'", "trace": "self0 = <YJYX_web_test.test_case.02_register_test.TestRegister object at 0x03FCA270>\nset_updown_class_register = (<selenium.webdriver.chrome.webdriver.WebDriver (session=\"80f82fee0a9e9d4d1cde92275b2506ef\")>, <YJYX_web_test.PageObject.test_register_way.Register object at 0x035D3990>)\n\n    @pytest.mark.smoke0\n    def test_register_success02(self0,set_updown_class_register):\n        '''所有信息全部填写注册'''\n        get_logger(\"测试开始：{}\".format(RD.register_success02))\n        set_updown_class_register[1].register(RD.register_success02[\"teachername\"],\n                                              RD.register_success02[\"phone\"],\n                                              RD.register_success02[\"yanzhengma\"],\n                                              RD.register_success02[\"pwd\"],\n                                              RD.register_success02[\"qrpwd\"])\n        expect = set_updown_class_register[1].register_success()\n>       assert expect == RD.register_success02[\"expect\"]\nE       AssertionError: assert None == '注册成功'\n\ntest_case\\02_register_test.py:38: AssertionError"}, "description": "所有信息全部填写注册", "attachments": [{"name": "log", "source": "5d6ae7e8-124f-479c-9d69-cc96172887c1-attachment.txt", "type": "text/plain"}], "start": 1585726123782, "stop": 1585726124256, "uuid": "b01e5876-b57d-44b1-882a-a77f5f5fe08a", "historyId": "eb9d806016faefa4096d021708831076", "testCaseId": "ed2b2e35352e5db40ab1e8f25a5a3a52", "fullName": "test_case.02_register_test.TestRegister#test_register_success02", "labels": [{"name": "tag", "value": "smoke0"}, {"name": "parentSuite", "value": "test_case"}, {"name": "suite", "value": "02_register_test"}, {"name": "subSuite", "value": "TestRegister"}, {"name": "host", "value": "DESKTOP-T2KNSFH"}, {"name": "thread", "value": "5508-MainThread"}, {"name": "framework", "value": "pytest"}, {"name": "language", "value": "cpython3"}, {"name": "package", "value": "test_case.02_register_test"}]}